<?xml version="1.0" encoding="UTF-8"?>
<!-- Generated by org.testng.reporters.JUnitReportReporter -->
<testsuite hostname="DESKTOP-69LSOEI" failures="0" tests="1" name="examplesOfAPI.FirstExample" time="7.863" errors="0" timestamp="2023-02-07T11:56:46 GST" skipped="0">
  <testcase classname="examplesOfAPI.FirstExample" name="postTest" time="7.863"/>
  <system-out/>
</testsuite> <!-- examplesOfAPI.FirstExample -->
